Spark Command: /usr/lib/jvm/java-8-openjdk/bin/java -cp /opt/spark/conf/:/opt/spark/jars/*:/opt/hadoop/etc/hadoop/ -Xmx1g org.apache.spark.deploy.history.HistoryServer
========================================
2025-08-11 07:46:59,381 INFO history.HistoryServer: Started daemon with process name: 109@historyserver
2025-08-11 07:46:59,385 INFO util.SignalUtils: Registering signal handler for TERM
2025-08-11 07:46:59,386 INFO util.SignalUtils: Registering signal handler for HUP
2025-08-11 07:46:59,387 INFO util.SignalUtils: Registering signal handler for INT
2025-08-11 07:47:00,108 INFO spark.SecurityManager: Changing view acls to: root
2025-08-11 07:47:00,109 INFO spark.SecurityManager: Changing modify acls to: root
2025-08-11 07:47:00,110 INFO spark.SecurityManager: Changing view acls groups to: 
2025-08-11 07:47:00,111 INFO spark.SecurityManager: Changing modify acls groups to: 
2025-08-11 07:47:00,112 INFO spark.SecurityManager: SecurityManager: authentication disabled; ui acls disabled; users  with view permissions: Set(root); groups with view permissions: Set(); users  with modify permissions: Set(root); groups with modify permissions: Set()
2025-08-11 07:47:00,254 INFO history.FsHistoryProvider: History server ui acls disabled; users with admin permissions: ; groups with admin permissions: 
2025-08-11 07:47:01,090 INFO util.log: Logging initialized @2646ms to org.sparkproject.jetty.util.log.Slf4jLog
2025-08-11 07:47:01,181 INFO server.Server: jetty-9.4.44.v20210927; built: 2021-09-27T23:02:44.612Z; git: 8da83308eeca865e495e53ef315a249d63ba9332; jvm 1.8.0_292-8u292-b10-0ubuntu1~16.04.1-b10
2025-08-11 07:47:01,203 INFO server.Server: Started @2760ms
2025-08-11 07:47:01,256 INFO server.AbstractConnector: Started ServerConnector@e8dc16b{HTTP/1.1, (http/1.1)}{0.0.0.0:18080}
2025-08-11 07:47:01,261 INFO util.Utils: Successfully started service 'HistoryServerUI' on port 18080.
2025-08-11 07:47:01,298 INFO handler.ContextHandler: Started o.s.j.s.ServletContextHandler@1ee4730{/,null,AVAILABLE,@Spark}
2025-08-11 07:47:01,303 INFO handler.ContextHandler: Started o.s.j.s.ServletContextHandler@452e26d0{/json,null,AVAILABLE,@Spark}
2025-08-11 07:47:01,306 INFO handler.ContextHandler: Started o.s.j.s.ServletContextHandler@790174f2{/api,null,AVAILABLE,@Spark}
2025-08-11 07:47:01,327 INFO handler.ContextHandler: Started o.s.j.s.ServletContextHandler@70925b45{/static,null,AVAILABLE,@Spark}
2025-08-11 07:47:01,328 INFO handler.ContextHandler: Started o.s.j.s.ServletContextHandler@77cf3f8b{/history,null,AVAILABLE,@Spark}
2025-08-11 07:47:01,332 INFO history.HistoryServer: Bound HistoryServer to 0.0.0.0, and started at http://historyserver:18080
